<?xml version="1.0" encoding="UTF-8"?>
<!-- Generated by org.testng.reporters.JUnitReportReporter -->
<testsuite hostname="dell-PC" name="TestNg.NewTest" tests="1" failures="0" timestamp="28 May 2020 07:59:00 GMT" time="0.052" errors="0">
  <testcase name="f" time="0.052" classname="TestNg.NewTest"/>
</testsuite> <!-- TestNg.NewTest -->
