<?xml version="1.0" encoding="UTF-8"?>
<!-- Generated by org.testng.reporters.JUnitReportReporter -->
<testsuite skipped="0" hostname="dell-PC" name="com.test.RunInvocationCount" tests="10" failures="0" timestamp="31 May 2020 04:53:00 GMT" time="0.052" errors="0">
  <testcase name="RunTest" time="0.003" classname="com.test.RunInvocationCount"/>
  <testcase name="RunTest" time="0.003" classname="com.test.RunInvocationCount"/>
  <testcase name="RunTest" time="0.003" classname="com.test.RunInvocationCount"/>
  <testcase name="RunTest" time="0.003" classname="com.test.RunInvocationCount"/>
  <testcase name="RunTest" time="0.002" classname="com.test.RunInvocationCount"/>
  <testcase name="RunTest" time="0.022" classname="com.test.RunInvocationCount"/>
  <testcase name="RunTest" time="0.002" classname="com.test.RunInvocationCount"/>
  <testcase name="RunTest" time="0.005" classname="com.test.RunInvocationCount"/>
  <testcase name="RunTest" time="0.002" classname="com.test.RunInvocationCount"/>
  <testcase name="RunTest" time="0.007" classname="com.test.RunInvocationCount"/>
</testsuite> <!-- com.test.RunInvocationCount -->
