<?xml version="1.0" encoding="UTF-8"?>
<!-- Generated by org.testng.reporters.JUnitReportReporter -->
<testsuite hostname="dell-PC" name="com.test.TestNgBasics" tests="1" failures="0" timestamp="27 May 2020 05:21:12 GMT" time="0.002" errors="0">
  <testcase name="GoogleTitleTest" time="0.002" classname="com.test.TestNgBasics"/>
</testsuite> <!-- com.test.TestNgBasics -->
