<?xml version="1.0" encoding="UTF-8"?>
<!-- Generated by org.testng.reporters.JUnitReportReporter -->
<testsuite skipped="0" hostname="dell-PC" name="com.TesngXmlPractice.TestTestngXml" tests="1" failures="0" timestamp="9 Jun 2020 02:15:47 GMT" time="21.095" errors="0">
  <testcase name="TestXml" time="21.095" classname="com.TesngXmlPractice.TestTestngXml"/>
</testsuite> <!-- com.TesngXmlPractice.TestTestngXml -->
