<?xml version="1.0" encoding="UTF-8"?>
<!-- Generated by org.testng.reporters.JUnitReportReporter -->
<testsuite hostname="dell-PC" name="com.test.TestAssertTypes" tests="1" failures="0" timestamp="28 May 2020 10:00:03 GMT" time="0.026" errors="0">
  <testcase name="TestAsset" time="0.026" classname="com.test.TestAssertTypes"/>
</testsuite> <!-- com.test.TestAssertTypes -->
