<?xml version="1.0" encoding="UTF-8"?>
<!-- Generated by org.testng.reporters.JUnitReportReporter -->
<testsuite hostname="dell-PC" name="com.test.GoogleTest" tests="3" failures="0" timestamp="28 May 2020 08:45:58 GMT" time="57.150" errors="0">
  <testcase name="mailTextTest" time="14.094" classname="com.test.GoogleTest"/>
  <testcase name="GoogleTitleTest" time="27.120" classname="com.test.GoogleTest"/>
  <testcase name="GoogleLogoTest" time="15.936" classname="com.test.GoogleTest"/>
</testsuite> <!-- com.test.GoogleTest -->
