<?xml version="1.0" encoding="UTF-8"?>
<!-- Generated by org.testng.reporters.JUnitReportReporter -->
<testsuite hostname="dell-PC" name="com.TestParametersInTestNg.TestDataprovider" tests="5" failures="0" timestamp="29 May 2020 07:25:31 GMT" time="67.038" errors="0">
  <testcase name="RegisterOnSite" time="11.924" classname="com.TestParametersInTestNg.TestDataprovider"/>
  <testcase name="RegisterOnSite" time="16.361" classname="com.TestParametersInTestNg.TestDataprovider"/>
  <testcase name="RegisterOnSite" time="12.724" classname="com.TestParametersInTestNg.TestDataprovider"/>
  <testcase name="RegisterOnSite" time="12.867" classname="com.TestParametersInTestNg.TestDataprovider"/>
  <testcase name="RegisterOnSite" time="13.162" classname="com.TestParametersInTestNg.TestDataprovider"/>
</testsuite> <!-- com.TestParametersInTestNg.TestDataprovider -->
