<?xml version="1.0" encoding="UTF-8"?>
<!-- Generated by org.testng.reporters.JUnitReportReporter -->
<testsuite skipped="0" hostname="dell-PC" name="xmlPracticeCopy.TestXml1" tests="1" failures="0" timestamp="4 Jun 2020 01:29:26 GMT" time="0.005" errors="0">
  <testcase name="print" time="0.005" classname="xmlPracticeCopy.TestXml1"/>
</testsuite> <!-- xmlPracticeCopy.TestXml1 -->
