<?xml version="1.0" encoding="UTF-8"?>
<!-- Generated by org.testng.reporters.JUnitReportReporter -->
<testsuite skipped="0" hostname="dell-PC" name="xmlPractice.TestXml1" tests="1" failures="0" timestamp="4 Jun 2020 01:29:26 GMT" time="0.021" errors="0">
  <testcase name="print" time="0.021" classname="xmlPractice.TestXml1"/>
</testsuite> <!-- xmlPractice.TestXml1 -->
